c:\users\shajay.b\source\repos\alice_viewer_2017\alice_platform\x64\release\vc141.pdb
c:\users\shajay.b\source\repos\alice_viewer_2017\alice_platform\x64\release\statistics.obj
c:\users\shajay.b\source\repos\alice_viewer_2017\alice_platform\x64\release\specialfunctions.obj
c:\users\shajay.b\source\repos\alice_viewer_2017\alice_platform\x64\release\solvers.obj
c:\users\shajay.b\source\repos\alice_viewer_2017\alice_platform\x64\release\optimization.obj
c:\users\shajay.b\source\repos\alice_viewer_2017\alice_platform\x64\release\linalg.obj
c:\users\shajay.b\source\repos\alice_viewer_2017\alice_platform\x64\release\interpolation.obj
c:\users\shajay.b\source\repos\alice_viewer_2017\alice_platform\x64\release\integration.obj
c:\users\shajay.b\source\repos\alice_viewer_2017\alice_platform\x64\release\fasttransforms.obj
c:\users\shajay.b\source\repos\alice_viewer_2017\alice_platform\x64\release\diffequations.obj
c:\users\shajay.b\source\repos\alice_viewer_2017\alice_platform\x64\release\dataanalysis.obj
c:\users\shajay.b\source\repos\alice_viewer_2017\alice_platform\x64\release\ap.obj
c:\users\shajay.b\source\repos\alice_viewer_2017\alice_platform\x64\release\alglibmisc.obj
c:\users\shajay.b\source\repos\alice_viewer_2017\alice_platform\x64\release\alglibinternal.obj
c:\users\shajay.b\source\repos\alice_viewer_2017\alice_platform\x64\release\sketch_empty.obj
c:\users\shajay.b\source\repos\alice_viewer_2017\alice_platform\x64\release\clipper.obj
c:\users\shajay.b\source\repos\alice_viewer_2017\alice_platform\x64\release\exe\alice_platform.exe
c:\users\shajay.b\source\repos\alice_viewer_2017\alice_platform\x64\release\alice_platform.pdb
c:\users\shajay.b\source\repos\alice_viewer_2017\alice_platform\x64\release\alice_platform.tlog\cl.command.1.tlog
c:\users\shajay.b\source\repos\alice_viewer_2017\alice_platform\x64\release\alice_platform.tlog\cl.read.1.tlog
c:\users\shajay.b\source\repos\alice_viewer_2017\alice_platform\x64\release\alice_platform.tlog\cl.write.1.tlog
c:\users\shajay.b\source\repos\alice_viewer_2017\alice_platform\x64\release\alice_platform.tlog\link.command.1.tlog
c:\users\shajay.b\source\repos\alice_viewer_2017\alice_platform\x64\release\alice_platform.tlog\link.read.1.tlog
c:\users\shajay.b\source\repos\alice_viewer_2017\alice_platform\x64\release\alice_platform.tlog\link.write.1.tlog
